Timestamp: 2024-03-28 15:16:29
{
    "ref": "refs/heads/main",
    "before": "4db27089ed5c82180e83c90a6ffd48d1b1addb4a",
    "after": "a3e261cb563fa5ea84ba1051b6b6b077b547264b",
    "repository": {
        "id": 778949335,
        "node_id": "R_kgDOLm3S1w",
        "name": "timer-app",
        "full_name": "Felipe-Ma/timer-app",
        "private": true,
        "owner": {
            "name": "Felipe-Ma",
            "email": "70176706+Felipe-Ma@users.noreply.github.com",
            "login": "Felipe-Ma",
            "id": 70176706,
            "node_id": "MDQ6VXNlcjcwMTc2NzA2",
            "avatar_url": "https://avatars.githubusercontent.com/u/70176706?v=4",
            "gravatar_id": "",
            "url": "https://api.github.com/users/Felipe-Ma",
            "html_url": "https://github.com/Felipe-Ma",
            "followers_url": "https://api.github.com/users/Felipe-Ma/followers",
            "following_url": "https://api.github.com/users/Felipe-Ma/following{/other_user}",
            "gists_url": "https://api.github.com/users/Felipe-Ma/gists{/gist_id}",
            "starred_url": "https://api.github.com/users/Felipe-Ma/starred{/owner}{/repo}",
            "subscriptions_url": "https://api.github.com/users/Felipe-Ma/subscriptions",
            "organizations_url": "https://api.github.com/users/Felipe-Ma/orgs",
            "repos_url": "https://api.github.com/users/Felipe-Ma/repos",
            "events_url": "https://api.github.com/users/Felipe-Ma/events{/privacy}",
            "received_events_url": "https://api.github.com/users/Felipe-Ma/received_events",
            "type": "User",
            "site_admin": false
        },
        "html_url": "https://github.com/Felipe-Ma/timer-app",
        "description": null,
        "fork": false,
        "url": "https://github.com/Felipe-Ma/timer-app",
        "forks_url": "https://api.github.com/repos/Felipe-Ma/timer-app/forks",
        "keys_url": "https://api.github.com/repos/Felipe-Ma/timer-app/keys{/key_id}",
        "collaborators_url": "https://api.github.com/repos/Felipe-Ma/timer-app/collaborators{/collaborator}",
        "teams_url": "https://api.github.com/repos/Felipe-Ma/timer-app/teams",
        "hooks_url": "https://api.github.com/repos/Felipe-Ma/timer-app/hooks",
        "issue_events_url": "https://api.github.com/repos/Felipe-Ma/timer-app/issues/events{/number}",
        "events_url": "https://api.github.com/repos/Felipe-Ma/timer-app/events",
        "assignees_url": "https://api.github.com/repos/Felipe-Ma/timer-app/assignees{/user}",
        "branches_url": "https://api.github.com/repos/Felipe-Ma/timer-app/branches{/branch}",
        "tags_url": "https://api.github.com/repos/Felipe-Ma/timer-app/tags",
        "blobs_url": "https://api.github.com/repos/Felipe-Ma/timer-app/git/blobs{/sha}",
        "git_tags_url": "https://api.github.com/repos/Felipe-Ma/timer-app/git/tags{/sha}",
        "git_refs_url": "https://api.github.com/repos/Felipe-Ma/timer-app/git/refs{/sha}",
        "trees_url": "https://api.github.com/repos/Felipe-Ma/timer-app/git/trees{/sha}",
        "statuses_url": "https://api.github.com/repos/Felipe-Ma/timer-app/statuses/{sha}",
        "languages_url": "https://api.github.com/repos/Felipe-Ma/timer-app/languages",
        "stargazers_url": "https://api.github.com/repos/Felipe-Ma/timer-app/stargazers",
        "contributors_url": "https://api.github.com/repos/Felipe-Ma/timer-app/contributors",
        "subscribers_url": "https://api.github.com/repos/Felipe-Ma/timer-app/subscribers",
        "subscription_url": "https://api.github.com/repos/Felipe-Ma/timer-app/subscription",
        "commits_url": "https://api.github.com/repos/Felipe-Ma/timer-app/commits{/sha}",
        "git_commits_url": "https://api.github.com/repos/Felipe-Ma/timer-app/git/commits{/sha}",
        "comments_url": "https://api.github.com/repos/Felipe-Ma/timer-app/comments{/number}",
        "issue_comment_url": "https://api.github.com/repos/Felipe-Ma/timer-app/issues/comments{/number}",
        "contents_url": "https://api.github.com/repos/Felipe-Ma/timer-app/contents/{+path}",
        "compare_url": "https://api.github.com/repos/Felipe-Ma/timer-app/compare/{base}...{head}",
        "merges_url": "https://api.github.com/repos/Felipe-Ma/timer-app/merges",
        "archive_url": "https://api.github.com/repos/Felipe-Ma/timer-app/{archive_format}{/ref}",
        "downloads_url": "https://api.github.com/repos/Felipe-Ma/timer-app/downloads",
        "issues_url": "https://api.github.com/repos/Felipe-Ma/timer-app/issues{/number}",
        "pulls_url": "https://api.github.com/repos/Felipe-Ma/timer-app/pulls{/number}",
        "milestones_url": "https://api.github.com/repos/Felipe-Ma/timer-app/milestones{/number}",
        "notifications_url": "https://api.github.com/repos/Felipe-Ma/timer-app/notifications{?since,all,participating}",
        "labels_url": "https://api.github.com/repos/Felipe-Ma/timer-app/labels{/name}",
        "releases_url": "https://api.github.com/repos/Felipe-Ma/timer-app/releases{/id}",
        "deployments_url": "https://api.github.com/repos/Felipe-Ma/timer-app/deployments",
        "created_at": 1711649960,
        "updated_at": "2024-03-28T20:41:45Z",
        "pushed_at": 1711664136,
        "git_url": "git://github.com/Felipe-Ma/timer-app.git",
        "ssh_url": "git@github.com:Felipe-Ma/timer-app.git",
        "clone_url": "https://github.com/Felipe-Ma/timer-app.git",
        "svn_url": "https://github.com/Felipe-Ma/timer-app",
        "homepage": null,
        "size": 2,
        "stargazers_count": 0,
        "watchers_count": 0,
        "language": "Python",
        "has_issues": true,
        "has_projects": true,
        "has_downloads": true,
        "has_wiki": false,
        "has_pages": false,
        "has_discussions": false,
        "forks_count": 0,
        "mirror_url": null,
        "archived": false,
        "disabled": false,
        "open_issues_count": 0,
        "license": null,
        "allow_forking": true,
        "is_template": false,
        "web_commit_signoff_required": false,
        "topics": [],
        "visibility": "private",
        "forks": 0,
        "open_issues": 0,
        "watchers": 0,
        "default_branch": "main",
        "stargazers": 0,
        "master_branch": "main"
    },
    "pusher": {
        "name": "Felipe-Ma",
        "email": "70176706+Felipe-Ma@users.noreply.github.com"
    },
    "sender": {
        "login": "Felipe-Ma",
        "id": 70176706,
        "node_id": "MDQ6VXNlcjcwMTc2NzA2",
        "avatar_url": "https://avatars.githubusercontent.com/u/70176706?v=4",
        "gravatar_id": "",
        "url": "https://api.github.com/users/Felipe-Ma",
        "html_url": "https://github.com/Felipe-Ma",
        "followers_url": "https://api.github.com/users/Felipe-Ma/followers",
        "following_url": "https://api.github.com/users/Felipe-Ma/following{/other_user}",
        "gists_url": "https://api.github.com/users/Felipe-Ma/gists{/gist_id}",
        "starred_url": "https://api.github.com/users/Felipe-Ma/starred{/owner}{/repo}",
        "subscriptions_url": "https://api.github.com/users/Felipe-Ma/subscriptions",
        "organizations_url": "https://api.github.com/users/Felipe-Ma/orgs",
        "repos_url": "https://api.github.com/users/Felipe-Ma/repos",
        "events_url": "https://api.github.com/users/Felipe-Ma/events{/privacy}",
        "received_events_url": "https://api.github.com/users/Felipe-Ma/received_events",
        "type": "User",
        "site_admin": false
    },
    "created": false,
    "deleted": false,
    "forced": false,
    "base_ref": null,
    "compare": "https://github.com/Felipe-Ma/timer-app/compare/4db27089ed5c...a3e261cb563f",
    "commits": [
        {
            "id": "a3e261cb563fa5ea84ba1051b6b6b077b547264b",
            "tree_id": "967b8bdf89522d5150d5dde58347e7dfd8829007",
            "distinct": true,
            "message": "Update main.py",
            "timestamp": "2024-03-28T15:15:33-07:00",
            "url": "https://github.com/Felipe-Ma/timer-app/commit/a3e261cb563fa5ea84ba1051b6b6b077b547264b",
            "author": {
                "name": "Felipe-Ma",
                "email": "70176706+Felipe-Ma@users.noreply.github.com",
                "username": "Felipe-Ma"
            },
            "committer": {
                "name": "Felipe-Ma",
                "email": "70176706+Felipe-Ma@users.noreply.github.com",
                "username": "Felipe-Ma"
            },
            "added": [],
            "removed": [],
            "modified": [
                "main.py"
            ]
        }
    ],
    "head_commit": {
        "id": "a3e261cb563fa5ea84ba1051b6b6b077b547264b",
        "tree_id": "967b8bdf89522d5150d5dde58347e7dfd8829007",
        "distinct": true,
        "message": "Update main.py",
        "timestamp": "2024-03-28T15:15:33-07:00",
        "url": "https://github.com/Felipe-Ma/timer-app/commit/a3e261cb563fa5ea84ba1051b6b6b077b547264b",
        "author": {
            "name": "Felipe-Ma",
            "email": "70176706+Felipe-Ma@users.noreply.github.com",
            "username": "Felipe-Ma"
        },
        "committer": {
            "name": "Felipe-Ma",
            "email": "70176706+Felipe-Ma@users.noreply.github.com",
            "username": "Felipe-Ma"
        },
        "added": [],
        "removed": [],
        "modified": [
            "main.py"
        ]
    }
}

---

